<?xml version="1.0" encoding="UTF-8"?>
<!-- Generated by org.testng.reporters.JUnitReportReporter -->
<testsuite hostname="DESKTOP-7C4A5S0" failures="0" tests="1" name="ty.Demo1" time="69.082" errors="0" timestamp="2023-01-30T20:19:16 GMT-08:00" skipped="0">
  <testcase classname="ty.Demo1" name="demo4" time="69.082"/>
  <system-out/>
</testsuite> <!-- ty.Demo1 -->
