<?xml version="1.0" encoding="UTF-8"?>
<!-- Generated by org.testng.reporters.JUnitReportReporter -->
<testsuite hostname="DESKTOP-7C4A5S0" failures="0" tests="1" name="com.demowebshop.tricentis.testscript.Ts1" time="9.129" errors="0" timestamp="2023-01-29T21:15:36 GMT-08:00" skipped="0">
  <testcase classname="com.demowebshop.tricentis.testscript.Ts1" name="test" time="9.129"/>
  <system-out/>
</testsuite> <!-- com.demowebshop.tricentis.testscript.Ts1 -->
