<?xml version="1.0" encoding="UTF-8"?>
<!-- Generated by org.testng.reporters.JUnitReportReporter -->
<testsuite hostname="DESKTOP-7C4A5S0" failures="0" tests="1" name="ty.Register" time="0.013" errors="0" timestamp="2023-01-30T01:12:23 GMT-08:00" skipped="0">
  <testcase classname="ty.Register" name="demo" time="0.013"/>
  <system-out/>
</testsuite> <!-- ty.Register -->
