<?xml version="1.0" encoding="UTF-8"?>
<!-- Generated by org.testng.reporters.JUnitReportReporter -->
<testsuite hostname="DESKTOP-7C4A5S0" failures="0" tests="2" name="ty.Dataprovider" time="160.163" errors="0" timestamp="2023-01-30T03:59:12 GMT-08:00" skipped="0">
  <testcase classname="ty.Dataprovider" name="test" time="80.023"/>
  <system-out/>
  <testcase classname="ty.Dataprovider" name="test" time="80.140"/>
  <system-out/>
</testsuite> <!-- ty.Dataprovider -->
